2023-06-18 16:15:10,578:WARNING:
'cuml' is a soft dependency and not included in the pycaret installation. Please run: `pip install cuml` to install.
2023-06-18 16:15:10,579:WARNING:
'cuml' is a soft dependency and not included in the pycaret installation. Please run: `pip install cuml` to install.
2023-06-18 16:15:10,579:WARNING:
'cuml' is a soft dependency and not included in the pycaret installation. Please run: `pip install cuml` to install.
2023-06-18 16:15:10,579:WARNING:
'cuml' is a soft dependency and not included in the pycaret installation. Please run: `pip install cuml` to install.
2023-06-18 16:15:11,068:WARNING:
'prophet' is a soft dependency and not included in the pycaret installation. Please run: `pip install prophet` to install.
2023-06-18 16:15:11,443:INFO:PyCaret ClassificationExperiment
2023-06-18 16:15:11,443:INFO:Logging name: clf-default-name
2023-06-18 16:15:11,443:INFO:ML Usecase: MLUsecase.CLASSIFICATION
2023-06-18 16:15:11,443:INFO:version 3.0.2
2023-06-18 16:15:11,443:INFO:Initializing setup()
2023-06-18 16:15:11,443:INFO:self.USI: 0d9a
2023-06-18 16:15:11,443:INFO:self._variable_keys: {'y_train', 'fold_shuffle_param', 'fold_generator', 'fix_imbalance', 'gpu_n_jobs_param', 'X_train', 'exp_name_log', 'logging_param', 'seed', 'fold_groups_param', '_ml_usecase', '_available_plots', 'pipeline', 'idx', 'memory', 'data', 'target_param', 'log_plots_param', 'is_multiclass', 'html_param', 'exp_id', 'X', 'y', 'X_test', 'USI', 'n_jobs_param', 'gpu_param', 'y_test'}
2023-06-18 16:15:11,443:INFO:Checking environment
2023-06-18 16:15:11,443:INFO:python_version: 3.9.16
2023-06-18 16:15:11,443:INFO:python_build: ('main', 'Jan 11 2023 16:05:54')
2023-06-18 16:15:11,443:INFO:machine: x86_64
2023-06-18 16:15:11,443:INFO:platform: Linux-5.4.0-58-generic-x86_64-with-glibc2.31
2023-06-18 16:15:11,443:INFO:Memory: svmem(total=8129552384, available=853110784, percent=89.5, used=6478520320, free=250974208, active=4495097856, inactive=1052835840, buffers=133267456, cached=1266790400, shared=526106624, slab=1022849024)
2023-06-18 16:15:11,444:INFO:Physical Core: 2
2023-06-18 16:15:11,444:INFO:Logical Core: 4
2023-06-18 16:15:11,444:INFO:Checking libraries
2023-06-18 16:15:11,444:INFO:System:
2023-06-18 16:15:11,444:INFO:    python: 3.9.16 (main, Jan 11 2023, 16:05:54)  [GCC 11.2.0]
2023-06-18 16:15:11,444:INFO:executable: /home/mqasim/anaconda3/envs/pycaret/bin/python
2023-06-18 16:15:11,444:INFO:   machine: Linux-5.4.0-58-generic-x86_64-with-glibc2.31
2023-06-18 16:15:11,444:INFO:PyCaret required dependencies:
2023-06-18 16:15:11,444:INFO:                 pip: 22.3.1
2023-06-18 16:15:11,444:INFO:          setuptools: 60.10.0
2023-06-18 16:15:11,444:INFO:             pycaret: 3.0.2
2023-06-18 16:15:11,444:INFO:             IPython: 8.8.0
2023-06-18 16:15:11,444:INFO:          ipywidgets: 8.0.4
2023-06-18 16:15:11,444:INFO:                tqdm: 4.65.0
2023-06-18 16:15:11,445:INFO:               numpy: 1.23.5
2023-06-18 16:15:11,445:INFO:              pandas: 1.5.3
2023-06-18 16:15:11,445:INFO:              jinja2: 3.1.2
2023-06-18 16:15:11,445:INFO:               scipy: 1.10.1
2023-06-18 16:15:11,445:INFO:              joblib: 1.2.0
2023-06-18 16:15:11,445:INFO:             sklearn: 1.2.2
2023-06-18 16:15:11,445:INFO:                pyod: 1.0.9
2023-06-18 16:15:11,445:INFO:            imblearn: 0.10.1
2023-06-18 16:15:11,445:INFO:   category_encoders: 2.6.1
2023-06-18 16:15:11,445:INFO:            lightgbm: 3.3.5
2023-06-18 16:15:11,445:INFO:               numba: 0.57.0
2023-06-18 16:15:11,445:INFO:            requests: 2.31.0
2023-06-18 16:15:11,445:INFO:          matplotlib: 3.7.1
2023-06-18 16:15:11,445:INFO:          scikitplot: 0.3.7
2023-06-18 16:15:11,445:INFO:         yellowbrick: 1.5
2023-06-18 16:15:11,445:INFO:              plotly: 5.13.0
2023-06-18 16:15:11,445:INFO:             kaleido: 0.2.1
2023-06-18 16:15:11,445:INFO:         statsmodels: 0.14.0
2023-06-18 16:15:11,445:INFO:              sktime: 0.17.0
2023-06-18 16:15:11,445:INFO:               tbats: 1.1.3
2023-06-18 16:15:11,445:INFO:            pmdarima: 2.0.3
2023-06-18 16:15:11,445:INFO:              psutil: 5.9.4
2023-06-18 16:15:11,445:INFO:PyCaret optional dependencies:
2023-06-18 16:15:11,454:INFO:                shap: 0.41.0
2023-06-18 16:15:11,454:INFO:           interpret: Not installed
2023-06-18 16:15:11,454:INFO:                umap: 0.5.3
2023-06-18 16:15:11,454:INFO:    pandas_profiling: 3.6.6
2023-06-18 16:15:11,454:INFO:  explainerdashboard: Not installed
2023-06-18 16:15:11,454:INFO:             autoviz: 0.1.58
2023-06-18 16:15:11,455:INFO:           fairlearn: Not installed
2023-06-18 16:15:11,455:INFO:             xgboost: 1.7.4
2023-06-18 16:15:11,455:INFO:            catboost: Not installed
2023-06-18 16:15:11,455:INFO:              kmodes: 0.12.2
2023-06-18 16:15:11,455:INFO:             mlxtend: 0.19.0
2023-06-18 16:15:11,455:INFO:       statsforecast: Not installed
2023-06-18 16:15:11,455:INFO:        tune_sklearn: Not installed
2023-06-18 16:15:11,455:INFO:                 ray: Not installed
2023-06-18 16:15:11,455:INFO:            hyperopt: Not installed
2023-06-18 16:15:11,455:INFO:              optuna: Not installed
2023-06-18 16:15:11,455:INFO:               skopt: Not installed
2023-06-18 16:15:11,455:INFO:              mlflow: 2.1.1
2023-06-18 16:15:11,455:INFO:              gradio: Not installed
2023-06-18 16:15:11,455:INFO:             fastapi: Not installed
2023-06-18 16:15:11,455:INFO:             uvicorn: Not installed
2023-06-18 16:15:11,455:INFO:              m2cgen: Not installed
2023-06-18 16:15:11,455:INFO:           evidently: Not installed
2023-06-18 16:15:11,455:INFO:               fugue: Not installed
2023-06-18 16:15:11,455:INFO:           streamlit: Not installed
2023-06-18 16:15:11,455:INFO:             prophet: Not installed
2023-06-18 16:15:11,455:INFO:None
2023-06-18 16:15:11,455:INFO:Set up data.
2023-06-18 16:15:11,473:INFO:Set up train/test split.
2023-06-18 16:15:11,484:INFO:Set up index.
2023-06-18 16:15:11,484:INFO:Set up folding strategy.
2023-06-18 16:15:11,484:INFO:Assigning column types.
2023-06-18 16:15:11,488:INFO:Engine successfully changes for model 'lr' to 'sklearn'.
2023-06-18 16:15:11,523:INFO:Engine for model 'knn' has not been set explicitly, hence returning None.
2023-06-18 16:15:11,525:INFO:Engine for model 'rbfsvm' has not been set explicitly, hence returning None.
2023-06-18 16:15:11,552:INFO:Soft dependency imported: xgboost: 1.7.4
2023-06-18 16:15:11,690:WARNING:
'catboost' is a soft dependency and not included in the pycaret installation. Please run: `pip install catboost` to install.
Alternately, you can install this by running `pip install pycaret[models]`
2023-06-18 16:15:11,729:INFO:Engine for model 'knn' has not been set explicitly, hence returning None.
2023-06-18 16:15:11,730:INFO:Engine for model 'rbfsvm' has not been set explicitly, hence returning None.
2023-06-18 16:15:11,752:INFO:Soft dependency imported: xgboost: 1.7.4
2023-06-18 16:15:11,754:WARNING:
'catboost' is a soft dependency and not included in the pycaret installation. Please run: `pip install catboost` to install.
Alternately, you can install this by running `pip install pycaret[models]`
2023-06-18 16:15:11,754:INFO:Engine successfully changes for model 'knn' to 'sklearn'.
2023-06-18 16:15:11,790:INFO:Engine for model 'rbfsvm' has not been set explicitly, hence returning None.
2023-06-18 16:15:11,812:INFO:Soft dependency imported: xgboost: 1.7.4
2023-06-18 16:15:11,814:WARNING:
'catboost' is a soft dependency and not included in the pycaret installation. Please run: `pip install catboost` to install.
Alternately, you can install this by running `pip install pycaret[models]`
2023-06-18 16:15:11,854:INFO:Engine for model 'rbfsvm' has not been set explicitly, hence returning None.
2023-06-18 16:15:11,876:INFO:Soft dependency imported: xgboost: 1.7.4
2023-06-18 16:15:11,878:WARNING:
'catboost' is a soft dependency and not included in the pycaret installation. Please run: `pip install catboost` to install.
Alternately, you can install this by running `pip install pycaret[models]`
2023-06-18 16:15:11,878:INFO:Engine successfully changes for model 'rbfsvm' to 'sklearn'.
2023-06-18 16:15:11,940:INFO:Soft dependency imported: xgboost: 1.7.4
2023-06-18 16:15:11,942:WARNING:
'catboost' is a soft dependency and not included in the pycaret installation. Please run: `pip install catboost` to install.
Alternately, you can install this by running `pip install pycaret[models]`
2023-06-18 16:15:12,001:INFO:Soft dependency imported: xgboost: 1.7.4
2023-06-18 16:15:12,004:WARNING:
'catboost' is a soft dependency and not included in the pycaret installation. Please run: `pip install catboost` to install.
Alternately, you can install this by running `pip install pycaret[models]`
2023-06-18 16:15:12,005:INFO:Preparing preprocessing pipeline...
2023-06-18 16:15:12,007:INFO:Set up simple imputation.
2023-06-18 16:15:12,010:INFO:Set up encoding of ordinal features.
2023-06-18 16:15:12,011:INFO:Set up encoding of categorical features.
2023-06-18 16:15:12,143:INFO:Finished creating preprocessing pipeline.
2023-06-18 16:15:12,160:INFO:Pipeline: Pipeline(memory=FastMemory(location=/tmp/joblib),
         steps=[('numerical_imputer',
                 TransformerWrapper(exclude=None,
                                    include=['PassengerId', 'Pclass', 'Age',
                                             'SibSp', 'Parch', 'Fare'],
                                    transformer=SimpleImputer(add_indicator=False,
                                                              copy=True,
                                                              fill_value=None,
                                                              keep_empty_features=False,
                                                              missing_values=nan,
                                                              strategy='mean',
                                                              verbose='deprecated'))),
                ('categorical_imputer'...
                                                              return_df=True,
                                                              use_cat_names=True,
                                                              verbose=0))),
                ('rest_encoding',
                 TransformerWrapper(exclude=None,
                                    include=['Name', 'Ticket', 'Cabin'],
                                    transformer=TargetEncoder(cols=['Name',
                                                                    'Ticket',
                                                                    'Cabin'],
                                                              drop_invariant=False,
                                                              handle_missing='return_nan',
                                                              handle_unknown='value',
                                                              hierarchy=None,
                                                              min_samples_leaf=20,
                                                              return_df=True,
                                                              smoothing=10,
                                                              verbose=0)))],
         verbose=False)
2023-06-18 16:15:12,160:INFO:Creating final display dataframe.
2023-06-18 16:15:12,583:INFO:Setup _display_container:                     Description             Value
0                    Session id               123
1                        Target          Survived
2                   Target type            Binary
3           Original data shape         (891, 12)
4        Transformed data shape         (891, 14)
5   Transformed train set shape         (623, 14)
6    Transformed test set shape         (268, 14)
7              Ordinal features                 1
8              Numeric features                 6
9          Categorical features                 5
10     Rows with missing values             79.5%
11                   Preprocess              True
12              Imputation type            simple
13           Numeric imputation              mean
14       Categorical imputation              mode
15     Maximum one-hot encoding                25
16              Encoding method              None
17               Fold Generator   StratifiedKFold
18                  Fold Number                10
19                     CPU Jobs                -1
20                      Use GPU             False
21               Log Experiment             False
22              Experiment Name  clf-default-name
23                          USI              0d9a
2023-06-18 16:15:12,660:INFO:Soft dependency imported: xgboost: 1.7.4
2023-06-18 16:15:12,663:WARNING:
'catboost' is a soft dependency and not included in the pycaret installation. Please run: `pip install catboost` to install.
Alternately, you can install this by running `pip install pycaret[models]`
2023-06-18 16:15:12,727:INFO:Soft dependency imported: xgboost: 1.7.4
2023-06-18 16:15:12,729:WARNING:
'catboost' is a soft dependency and not included in the pycaret installation. Please run: `pip install catboost` to install.
Alternately, you can install this by running `pip install pycaret[models]`
2023-06-18 16:15:12,729:INFO:setup() successfully completed in 1.29s...............
2023-06-18 16:15:34,723:INFO:Soft dependency imported: autoviz: 0.1.58
